Build started 2017-02-27 12:57:51.
     1>Project "C:\mnich\PWP-Lab1\bld\Trygonometria\Trygonometria.vcxproj" on node 2 (rebuild target(s)).
     1>_PrepareForClean:
         Deleting file "Trygonometria.dir\Debug\Trygonometria.lastbuildstate".
       InitializeBuildStatus:
         Touching "Trygonometria.dir\Debug\Trygonometria.unsuccessfulbuild".
       CustomBuild:
         Building Custom Rule C:/mnich/PWP-Lab1/src/Trygonometria/CMakeLists.txt
         CMake does not need to re-run because C:\mnich\PWP-Lab1\bld\Trygonometria\CMakeFiles\generate.stamp is up-to-date.
       ClCompile:
         c:\Program Files\Microsoft Visual Studio 10.0\VC\bin\CL.exe /c /I"C:\mnich\PWP-Lab1\src\Trygonometria" /Zi /nologo /W3 /WX- /Od /Ob0 /Oy- /D WIN32 /D _WINDOWS /D _DEBUG /D "CMAKE_INTDIR=\"Debug\"" /D _MBCS /Gm- /EHsc /RTC1 /MDd /GS /fp:precise /Zc:wchar_t /Zc:forScope /GR /Fo"Trygonometria.dir\Debug\\" /Fd"Trygonometria.dir\Debug\vc100.pdb" /Gd /TP /analyze- /errorReport:prompt ..\..\src\Trygonometria\trygonometria.cpp
         trygonometria.cpp
       Lib:
         c:\Program Files\Microsoft Visual Studio 10.0\VC\bin\Lib.exe /OUT:"C:\mnich\PWP-Lab1\bld\Trygonometria\Debug\Trygonometria.lib" /NOLOGO Trygonometria.dir\Debug\trygonometria.obj  /machine:X86 
         Trygonometria.vcxproj -> C:\mnich\PWP-Lab1\bld\Trygonometria\Debug\Trygonometria.lib
       FinalizeBuildStatus:
         Deleting file "Trygonometria.dir\Debug\Trygonometria.unsuccessfulbuild".
         Touching "Trygonometria.dir\Debug\Trygonometria.lastbuildstate".
     1>Done Building Project "C:\mnich\PWP-Lab1\bld\Trygonometria\Trygonometria.vcxproj" (rebuild target(s)).

Build succeeded.

Time Elapsed 00:00:00.30
