C:\MNICH\PWP-LAB1\BLD\CMAKEFILES\GENERATE.STAMP
C:\MNICH\PWP-LAB1\BLD\DEBUG\LABORKA.EXE
C:\MNICH\PWP-LAB1\BLD\DEBUG\LABORKA.ILK
C:\MNICH\PWP-LAB1\BLD\DEBUG\LABORKA.PDB
C:\mnich\PWP-Lab1\bld\Laborka.dir\Debug\cl.command.1.tlog
C:\mnich\PWP-Lab1\bld\Laborka.dir\Debug\CL.read.1.tlog
C:\mnich\PWP-Lab1\bld\Laborka.dir\Debug\CL.write.1.tlog
C:\mnich\PWP-Lab1\bld\Laborka.dir\Debug\custombuild.command.1.tlog
C:\mnich\PWP-Lab1\bld\Laborka.dir\Debug\custombuild.read.1.tlog
C:\mnich\PWP-Lab1\bld\Laborka.dir\Debug\custombuild.write.1.tlog
C:\MNICH\PWP-LAB1\BLD\LABORKA.DIR\DEBUG\LABORKA.EXE.EMBED.MANIFEST
C:\MNICH\PWP-LAB1\BLD\LABORKA.DIR\DEBUG\LABORKA.EXE.EMBED.MANIFEST.RES
C:\MNICH\PWP-LAB1\BLD\LABORKA.DIR\DEBUG\LABORKA.EXE.INTERMEDIATE.MANIFEST
C:\mnich\PWP-Lab1\bld\Laborka.dir\Debug\Laborka.write.1.tlog
C:\mnich\PWP-Lab1\bld\Laborka.dir\Debug\Laborka_manifest.rc
C:\mnich\PWP-Lab1\bld\Laborka.dir\Debug\link.3716.read.1.tlog
C:\mnich\PWP-Lab1\bld\Laborka.dir\Debug\link.3716.write.1.tlog
C:\mnich\PWP-Lab1\bld\Laborka.dir\Debug\link.3716-cvtres.read.1.tlog
C:\mnich\PWP-Lab1\bld\Laborka.dir\Debug\link.3716-cvtres.write.1.tlog
C:\mnich\PWP-Lab1\bld\Laborka.dir\Debug\link.command.1.tlog
C:\mnich\PWP-Lab1\bld\Laborka.dir\Debug\link.read.1.tlog
C:\mnich\PWP-Lab1\bld\Laborka.dir\Debug\link.write.1.tlog
C:\mnich\PWP-Lab1\bld\Laborka.dir\Debug\link-cvtres.read.1.tlog
C:\mnich\PWP-Lab1\bld\Laborka.dir\Debug\link-cvtres.write.1.tlog
C:\MNICH\PWP-LAB1\BLD\LABORKA.DIR\DEBUG\MAIN.OBJ
C:\mnich\PWP-Lab1\bld\Laborka.dir\Debug\mt.command.1.tlog
C:\mnich\PWP-Lab1\bld\Laborka.dir\Debug\mt.read.1.tlog
C:\mnich\PWP-Lab1\bld\Laborka.dir\Debug\mt.write.1.tlog
C:\mnich\PWP-Lab1\bld\Laborka.dir\Debug\rc.command.1.tlog
C:\mnich\PWP-Lab1\bld\Laborka.dir\Debug\rc.read.1.tlog
C:\mnich\PWP-Lab1\bld\Laborka.dir\Debug\rc.write.1.tlog
C:\MNICH\PWP-LAB1\BLD\LABORKA.DIR\DEBUG\VC100.PDB
